<?xml version="1.0" encoding="UTF-8"?>
<robot generator="Robot 6.0.2 (Python 3.11.3 on win32)" generated="20230830 19:13:47.913" rpa="false" schemaversion="3">
<suite id="s1" name="Suiteteste" source="C:\Projetos\RobotFramework\praticandorobot\suiteteste.robot">
<test id="s1-t1" name="Scenario 01: Validate access e search" line="8">
<kw name="Given that I have a site" library="resources">
<kw name="Open Browser" library="SeleniumLibrary">
<arg>${URL}</arg>
<arg>${BROWSER}</arg>
<doc>Opens a new browser instance to the optional ``url``.</doc>
<msg timestamp="20230830 19:13:48.092" level="INFO">Opening browser 'chrome' to base url 'https://carrefour.com.br'.</msg>
<status status="PASS" starttime="20230830 19:13:48.092" endtime="20230830 19:13:52.641"/>
</kw>
<kw name="Maximize Browser Window" library="SeleniumLibrary">
<doc>Maximizes current browser window.</doc>
<status status="PASS" starttime="20230830 19:13:52.642" endtime="20230830 19:13:52.764"/>
</kw>
<status status="PASS" starttime="20230830 19:13:48.091" endtime="20230830 19:13:52.764"/>
</kw>
<status status="PASS" starttime="20230830 19:13:48.091" endtime="20230830 19:13:52.765"/>
</test>
<status status="PASS" starttime="20230830 19:13:47.914" endtime="20230830 19:13:52.766"/>
</suite>
<statistics>
<total>
<stat pass="1" fail="0" skip="0">All Tests</stat>
</total>
<tag>
</tag>
<suite>
<stat pass="1" fail="0" skip="0" id="s1" name="Suiteteste">Suiteteste</stat>
</suite>
</statistics>
<errors>
</errors>
</robot>
